#
# There is insufficient memory for the Java Runtime Environment to continue.
# Native memory allocation (malloc) failed to allocate 741776 bytes for Chunk::new
# Possible reasons:
#   The system is out of physical RAM or swap space
#   The process is running with CompressedOops enabled, and the Java Heap may be blocking the growth of the native heap
# Possible solutions:
#   Reduce memory load on the system
#   Increase physical memory or swap space
#   Check if swap backing store is full
#   Decrease Java heap size (-Xmx/-Xms)
#   Decrease number of Java threads
#   Decrease Java thread stack sizes (-Xss)
#   Set larger code cache with -XX:ReservedCodeCacheSize=
#   JVM is running with Unscaled Compressed Oops mode in which the Java heap is
#     placed in the first 4GB address space. The Java Heap base address is the
#     maximum limit for the native heap growth. Please use -XX:HeapBaseMinAddress
#     to set the Java Heap base and to place the Java Heap above 4GB virtual address.
# This output file may be truncated or incomplete.
#
#  Out of Memory Error (t:/workspace/open/src/hotspot/share/memory/arena.cpp:195), pid=3864, tid=13132
#
# JRE version: OpenJDK Runtime Environment (14.0+36) (build 14+36-1461)
# Java VM: OpenJDK 64-Bit Server VM (14+36-1461, mixed mode, sharing, tiered, compressed oops, g1 gc, windows-amd64)
# No core dump will be written. Minidumps are not enabled by default on client versions of Windows
#

---------------  S U M M A R Y ------------

Command Line: -Dfile.encoding=Cp1252 --module-path=C:\Users\Simon Weck\Desktop\Uni\Visual Computing 2\Projekt\Repository\Visual Computing II Concept\bin;C:\Users\Simon Weck\Desktop\Uni\Visual Computing 2\Projekt\Librarys\JavaFX 14\lib\javafx.base.jar;C:\Users\Simon Weck\Desktop\Uni\Visual Computing 2\Projekt\Librarys\JavaFX 14\lib\javafx.controls.jar;C:\Users\Simon Weck\Desktop\Uni\Visual Computing 2\Projekt\Librarys\JavaFX 14\lib\javafx.fxml.jar;C:\Users\Simon Weck\Desktop\Uni\Visual Computing 2\Projekt\Librarys\JavaFX 14\lib\javafx.graphics.jar;C:\Users\Simon Weck\Desktop\Uni\Visual Computing 2\Projekt\Librarys\JavaFX 14\lib\javafx.media.jar;C:\Users\Simon Weck\Desktop\Uni\Visual Computing 2\Projekt\Librarys\JavaFX 14\lib\javafx.swing.jar;C:\Users\Simon Weck\Desktop\Uni\Visual Computing 2\Projekt\Librarys\JavaFX 14\lib\javafx.web.jar;C:\Users\Simon Weck\Desktop\Uni\Visual Computing 2\Projekt\Librarys\JavaFX 14\lib\javafx-swt.jar;C:\Users\Simon Weck\Desktop\Uni\Visual Computing 2\Projekt\Librarys\JOGL\jogamp-all-platforms\jar\jogl-all.jar;C:\Users\Simon Weck\Desktop\Uni\Visual Computing 2\Projekt\Librarys\JOGL\jogamp-all-platforms\jar\gluegen-rt.jar -Djdk.module.main=jfx jfx/MAIN.Main

Host: Intel(R) Core(TM) i5-3330 CPU @ 3.00GHz, 4 cores, 7G,  Windows 10 , 64 bit Build 18362 (10.0.18362.900)
Time: Sun Jun 28 13:57:55 2020 Mitteleuropäische Sommerzeit elapsed time: 2596 seconds (0d 0h 43m 16s)

---------------  T H R E A D  ---------------

Current thread (0x0000015553207800):  JavaThread "C2 CompilerThread0" daemon [_thread_in_native, id=13132, stack(0x0000005491000000,0x0000005491100000)]


Current CompileTask:
C2:2596271 8027       4       java.lang.StackTraceElement::toString (322 bytes)

Stack: [0x0000005491000000,0x0000005491100000]
Native frames: (J=compiled Java code, j=interpreted, Vv=VM code, C=native code)
V  [jvm.dll+0x5f83ea]